e:\学习文件\大三上\计算机图形学\计算机图形学大作业\计算机图形学大作业\debug\计算机图形学大作业.obj
e:\学习文件\大三上\计算机图形学\计算机图形学大作业\计算机图形学大作业\debug\vc110.pdb
e:\学习文件\大三上\计算机图形学\计算机图形学大作业\debug\计算机图形学大作业.ilk
e:\学习文件\大三上\计算机图形学\计算机图形学大作业\debug\计算机图形学大作业.exe
e:\学习文件\大三上\计算机图形学\计算机图形学大作业\debug\计算机图形学大作业.pdb
c:\users\17807\source\repos\计算机图形学大作业\计算机图形学大作业\debug\vc141.pdb
c:\users\17807\source\repos\计算机图形学大作业\计算机图形学大作业\debug\vc141.idb
e:\学习文件\大三上\计算机图形学\计算机图形学大作业\计算机图形学大作业\debug\vc141.pdb
e:\学习文件\大三上\计算机图形学\计算机图形学大作业\计算机图形学大作业\debug\vc141.idb
c:\users\86188\desktop\计算机图形学大作业\计算机图形学大作业\debug\vc142.pdb
c:\users\86188\desktop\计算机图形学大作业\计算机图形学大作业\debug\vc142.idb
c:\users\86188\desktop\计算机图形学大作业\计算机图形学大作业\debug\计算机图形学大作业.obj
c:\users\86188\desktop\计算机图形学大作业\debug\计算机图形学大作业.exe
c:\users\86188\desktop\计算机图形学大作业\debug\计算机图形学大作业.ilk
c:\users\86188\desktop\计算机图形学大作业\debug\计算机图形学大作业.pdb
c:\users\86188\desktop\计算机图形学大作业\计算机图形学大作业\debug\cl.command.1.tlog
c:\users\86188\desktop\计算机图形学大作业\计算机图形学大作业\debug\cl.read.1.tlog
c:\users\86188\desktop\计算机图形学大作业\计算机图形学大作业\debug\cl.write.1.tlog
c:\users\86188\desktop\计算机图形学大作业\计算机图形学大作业\debug\link-cvtres.read.1.tlog
c:\users\86188\desktop\计算机图形学大作业\计算机图形学大作业\debug\link-cvtres.write.1.tlog
c:\users\86188\desktop\计算机图形学大作业\计算机图形学大作业\debug\link-rc.read.1.tlog
c:\users\86188\desktop\计算机图形学大作业\计算机图形学大作业\debug\link-rc.write.1.tlog
c:\users\86188\desktop\计算机图形学大作业\计算机图形学大作业\debug\link.command.1.tlog
c:\users\86188\desktop\计算机图形学大作业\计算机图形学大作业\debug\link.read.1.tlog
c:\users\86188\desktop\计算机图形学大作业\计算机图形学大作业\debug\link.write.1.tlog
c:\users\86188\desktop\计算机图形学大作业\计算机图形学大作业\debug\vc110.idb
c:\users\86188\desktop\计算机图形学大作业\计算机图形学大作业\debug\vc141.idb
c:\users\86188\desktop\计算机图形学大作业\计算机图形学大作业\debug\vc110.pdb
c:\users\86188\desktop\计算机图形学大作业\计算机图形学大作业\debug\vc141.pdb
c:\users\86188\desktop\计算机图形学大作业\计算机图形学大作业\debug\计算机图形学大作业.tlog\cl.command.1.tlog
c:\users\86188\desktop\计算机图形学大作业\计算机图形学大作业\debug\计算机图形学大作业.tlog\cl.read.1.tlog
c:\users\86188\desktop\计算机图形学大作业\计算机图形学大作业\debug\计算机图形学大作业.tlog\cl.write.1.tlog
c:\users\86188\desktop\计算机图形学大作业\计算机图形学大作业\debug\计算机图形学大作业.tlog\link.command.1.tlog
c:\users\86188\desktop\计算机图形学大作业\计算机图形学大作业\debug\计算机图形学大作业.tlog\link.delete.1.tlog
c:\users\86188\desktop\计算机图形学大作业\计算机图形学大作业\debug\计算机图形学大作业.tlog\link.read.1.tlog
c:\users\86188\desktop\计算机图形学大作业\计算机图形学大作业\debug\计算机图形学大作业.tlog\link.write.1.tlog
